0 info it worked if it ends with ok
1 verbose cli [ '/usr/bin/node', '/usr/bin/npm', 'run', 'extract' ]
2 info using npm@3.5.2
3 info using node@v8.10.0
4 verbose run-script [ 'preextract', 'extract', 'postextract' ]
5 info lifecycle kevin-k.dev@1.0.0~preextract: kevin-k.dev@1.0.0
6 silly lifecycle kevin-k.dev@1.0.0~preextract: no script for preextract, continuing
7 info lifecycle kevin-k.dev@1.0.0~extract: kevin-k.dev@1.0.0
8 verbose lifecycle kevin-k.dev@1.0.0~extract: unsafe-perm in lifecycle true
9 verbose lifecycle kevin-k.dev@1.0.0~extract: PATH: /usr/share/npm/bin/node-gyp-bin:/mnt/d/Projects/kevink-dev/node_modules/.bin:/home/kevin/.local/bin:/usr/local/sbin:/usr/local/bin:/usr/sbin:/usr/bin:/sbin:/bin:/usr/games:/usr/local/games:/mnt/c/Program Files/Oculus/Support/oculus-runtime:/mnt/c/VulkanSDK/1.1.121.1/Bin:/mnt/c/Program Files/NVIDIA GPU Computing Toolkit/CUDA/v8.0/bin:/mnt/c/Program Files/NVIDIA GPU Computing Toolkit/CUDA/v8.0/libnvvp:/mnt/c/Program Files/NVIDIA GPU Computing Toolkit/CUDA/v9.2/libnvvp:/mnt/c/Program Files (x86)/Common Files/Oracle/Java/javapath:/mnt/c/Program Files (x86)/Common Files/Intel/Shared Libraries/redist/intel64/compiler:/mnt/c/ProgramData/Oracle/Java/javapath:/mnt/c/WINDOWS/system32:/mnt/c/WINDOWS:/mnt/c/WINDOWS/System32/Wbem:/mnt/c/WINDOWS/System32/WindowsPowerShell/v1.0/:/mnt/c/Program Files/PuTTY/:/mnt/c/Program Files (x86)/NVIDIA Corporation/PhysX/Common:/mnt/c/Android:/mnt/c/Windows/System32:/mnt/d/CustomInstalls/libwebp-0.6.1/bin:/mnt/c/Program Files/dotnet/:/mnt/c/Program Files/Microsoft SQL Server/130/Tools/Binn/:/mnt/c/BIN:/mnt/d/CustomInstalls/WorldPainter:/mnt/c/ProgramData/ComposerSetup/bin:/mnt/c/Program Files (x86)/Windows Kits/10/Windows Performance Toolkit/:/mnt/c/Program Files (x86)/Windows Kits/8.1/Windows Performance Toolkit/:/mnt/c/WINDOWS/System32/OpenSSH/:/mnt/d/CustomInstalls/TortoiseHg/:/mnt/c/Perl64/bin/:/mnt/c/Program Files/NVIDIA Corporation/NVIDIA NvDLISR:/mnt/c/Program Files (x86)/Paragon Software/LinuxFS for Windows/:/mnt/c/Program Files (x86)/Streamlink/bin:/mnt/d/CustomInstalls/xampp/mysql/bin:/mnt/d/CustomInstalls/OracleVM VirtualBox:/mnt/c/Program Files/nodejs/:/mnt/c/ProgramData/chocolatey/bin:/mnt/c/AIRCRACK-NG:/mnt/d/Program Files (x86)/Graphviz2.38/bin:/mnt/c/Program Files/Calibre2/:/mnt/d/Program Files (x86)/Google/Cloud SDK/google-cloud-sdk/bin:/mnt/c/Program Files (x86)/Yarn/bin/:/mnt/d/HashiCorp/Vagrant/bin:/mnt/c/Program Files (x86)/GnuPG/bin:/mnt/c/WINDOWS/system32:/mnt/c/WINDOWS:/mnt/c/WINDOWS/System32/Wbem:/mnt/c/WINDOWS/System32/WindowsPowerShell/v1.0/:/mnt/c/WINDOWS/System32/OpenSSH/:/mnt/c/Program Files (x86)/ZeroTier/One/:/mnt/c/Program Files/Symfony:/mnt/c/Program Files/Git/cmd:/mnt/c/Program Files/Microsoft SQL Server/Client SDK/ODBC/170/Tools/Binn/:/mnt/c/Program Files/Docker/Docker/resources/bin:/mnt/c/ProgramData/DockerDesktop/version-bin:/mnt/c/Users/kevin/Miniconda3:/mnt/c/Users/kevin/Miniconda3/Library/mingw-w64/bin:/mnt/c/Users/kevin/Miniconda3/Library/usr/bin:/mnt/c/Users/kevin/Miniconda3/Library/bin:/mnt/c/Users/kevin/Miniconda3/Scripts:/mnt/c/Ruby24-x64/bin:/mnt/c/Ruby26-x64/bin:/mnt/c/Users/kevin/AppData/Local/Programs/Python/Python37/Scripts/:/mnt/c/Users/kevin/AppData/Local/Programs/Python/Python37/:/mnt/c/Users/kevin/AppData/Local/Programs/Python/Python36-32/Scripts/:/mnt/c/Users/kevin/AppData/Local/Programs/Python/Python36-32/:/mnt/c/Users/kevin/AppData/Local/Microsoft/WindowsApps:/mnt/c/Users/kevin/AppData/Local/atom/bin:/mnt/d/flutter/bin:/mnt/c/Users/kevin/AppData/Local/Programs/Fiddler:/mnt/c/Users/kevin/AppData/Roaming/Composer/vendor/bin:/mnt/d/CustomInstalls/GPAC:/mnt/c/Users/kevin/AppData/Local/now-cli:/mnt/c/Users/kevin/AppData/Local/GitHubDesktop/bin:/mnt/c/Program Files/CMake/bin:/mnt/c/Users/kevin/.improbable/spatial:/mnt/c/Program Files/GPAC:/mnt/d/Program Files/GPAC:/mnt/c/Users/kevin/AppData/Local/hyper/app-2.1.2/resources/bin:/mnt/c/Users/kevin/AppData/Local/Programs/Microsoft VS Code/bin:/mnt/c/Users/kevin/AppData/Roaming/npm:/mnt/c/Users/kevin/AppData/Local/Microsoft/WindowsApps:/mnt/c/Users/kevin/.dotnet/tools:/mnt/c/Users/kevin/AppData/Local/Yarn/bin:/mnt/c/Program Files (x86)/FAHClient:/mnt/c/Users/kevin/AppData/Local/Keybase/:/mnt/d/Program Files/IPFS Desktop/resources/app.asar.unpacked/src/ipfs-on-path/scripts/bin-win:/mnt/c/Users/kevin/.dotnet/tools:/snap/bin
10 verbose lifecycle kevin-k.dev@1.0.0~extract: CWD: /mnt/d/Projects/kevink-dev
11 silly lifecycle kevin-k.dev@1.0.0~extract: Args: [ '-c',
11 silly lifecycle   'babel --config-file ./babel-extract.config.js -o tmp/chunk.js \'./src/**/*.{js,jsx,ts,tsx}\' && rm -rf tmp' ]
12 silly lifecycle kevin-k.dev@1.0.0~extract: Returned: code: 1  signal: null
13 info lifecycle kevin-k.dev@1.0.0~extract: Failed to exec extract script
14 verbose stack Error: kevin-k.dev@1.0.0 extract: `babel --config-file ./babel-extract.config.js -o tmp/chunk.js './src/**/*.{js,jsx,ts,tsx}' && rm -rf tmp`
14 verbose stack Exit status 1
14 verbose stack     at EventEmitter.<anonymous> (/usr/share/npm/lib/utils/lifecycle.js:232:16)
14 verbose stack     at emitTwo (events.js:126:13)
14 verbose stack     at EventEmitter.emit (events.js:214:7)
14 verbose stack     at ChildProcess.<anonymous> (/usr/share/npm/lib/utils/spawn.js:24:14)
14 verbose stack     at emitTwo (events.js:126:13)
14 verbose stack     at ChildProcess.emit (events.js:214:7)
14 verbose stack     at maybeClose (internal/child_process.js:925:16)
14 verbose stack     at Process.ChildProcess._handle.onexit (internal/child_process.js:209:5)
15 verbose pkgid kevin-k.dev@1.0.0
16 verbose cwd /mnt/d/Projects/kevink-dev
17 error Linux 4.4.0-18362-Microsoft
18 error argv "/usr/bin/node" "/usr/bin/npm" "run" "extract"
19 error node v8.10.0
20 error npm  v3.5.2
21 error code ELIFECYCLE
22 error kevin-k.dev@1.0.0 extract: `babel --config-file ./babel-extract.config.js -o tmp/chunk.js './src/**/*.{js,jsx,ts,tsx}' && rm -rf tmp`
22 error Exit status 1
23 error Failed at the kevin-k.dev@1.0.0 extract script 'babel --config-file ./babel-extract.config.js -o tmp/chunk.js './src/**/*.{js,jsx,ts,tsx}' && rm -rf tmp'.
23 error Make sure you have the latest version of node.js and npm installed.
23 error If you do, this is most likely a problem with the kevin-k.dev package,
23 error not with npm itself.
23 error Tell the author that this fails on your system:
23 error     babel --config-file ./babel-extract.config.js -o tmp/chunk.js './src/**/*.{js,jsx,ts,tsx}' && rm -rf tmp
23 error You can get information on how to open an issue for this project with:
23 error     npm bugs kevin-k.dev
23 error Or if that isn't available, you can get their info via:
23 error     npm owner ls kevin-k.dev
23 error There is likely additional logging output above.
24 verbose exit [ 1, true ]
